[debug] [2021-08-28T18:24:45.857Z] ----------------------------------------------------------------------
[debug] [2021-08-28T18:24:45.862Z] Command:       C:\Program Files\nodejs\node.exe C:\Users\nabil\AppData\Roaming\npm\node_modules\firebase-tools\lib\bin\firebase.js login
[debug] [2021-08-28T18:24:45.863Z] CLI Version:   9.16.6
[debug] [2021-08-28T18:24:45.863Z] Platform:      win32
[debug] [2021-08-28T18:24:45.863Z] Node Version:  v14.16.0
[debug] [2021-08-28T18:24:45.865Z] Time:          Sat Aug 28 2021 20:24:45 GMT+0200 (Eastern European Standard Time)
[debug] [2021-08-28T18:24:45.865Z] ----------------------------------------------------------------------
[debug] 
[debug] [2021-08-28T18:24:45.868Z] >>> [apiv2][query] GET https://firebase-public.firebaseio.com/cli.json [none]
[info] i  Firebase optionally collects CLI usage and error reporting information to help improve our products. Data is collected in accordance with Google's privacy policy (https://policies.google.com/privacy) and is not used to identify you.
 
[debug] [2021-08-28T18:24:46.627Z] <<< [apiv2][status] GET https://firebase-public.firebaseio.com/cli.json 200
[debug] [2021-08-28T18:24:46.628Z] <<< [apiv2][body] GET https://firebase-public.firebaseio.com/cli.json {"cloudBuildErrorAfter":1594252800000,"cloudBuildWarnAfter":1590019200000,"defaultNode10After":1594252800000,"minVersion":"3.0.5","node8DeploysDisabledAfter":1613390400000,"node8RuntimeDisabledAfter":1615809600000,"node8WarnAfter":1600128000000}
[info] i  To change your data collection preference at any time, run `firebase logout` and log in again. 
[info] 
[info] Visit this URL on this device to log in:
[info] https://accounts.google.com/o/oauth2/auth?client_id=563584335869-fgrhgmd47bqnekij5i8b5pr03ho849e6.apps.googleusercontent.com&scope=email%20openid%20https%3A%2F%2Fwww.googleapis.com%2Fauth%2Fcloudplatformprojects.readonly%20https%3A%2F%2Fwww.googleapis.com%2Fauth%2Ffirebase%20https%3A%2F%2Fwww.googleapis.com%2Fauth%2Fcloud-platform&response_type=code&state=377809684&redirect_uri=http%3A%2F%2Flocalhost%3A9005
[info] 
[info] Waiting for authentication...
[debug] [2021-08-28T18:25:00.943Z] >>> HTTP REQUEST POST https://accounts.google.com/o/oauth2/token  
 {"code":"4/0AX4XfWjbYY9Potw5nHhi8KLNnUAC7sVH-i7odh3EIuCiBFVtYbuLgVvQZ3COir8C-2Kkig","client_id":"563584335869-fgrhgmd47bqnekij5i8b5pr03ho849e6.apps.googleusercontent.com","client_secret":"j9iVZfS8kkCEFUPaAeJV0sAi","redirect_uri":"http://localhost:9005","grant_type":"authorization_code"}
[debug] [2021-08-28T18:25:01.262Z] <<< HTTP RESPONSE 200 {"date":"Sat, 28 Aug 2021 20:25:01 GMT","expires":"Mon, 01 Jan 1990 00:00:00 GMT","cache-control":"no-cache, no-store, max-age=0, must-revalidate","pragma":"no-cache","content-type":"application/json; charset=utf-8","vary":"X-Origin, Referer, Origin,Accept-Encoding","server":"scaffolding on HTTPServer2","x-xss-protection":"0","x-frame-options":"SAMEORIGIN","x-content-type-options":"nosniff","alt-svc":"h3=\":443\"; ma=2592000,h3-29=\":443\"; ma=2592000,h3-T051=\":443\"; ma=2592000,h3-Q050=\":443\"; ma=2592000,h3-Q046=\":443\"; ma=2592000,h3-Q043=\":443\"; ma=2592000,quic=\":443\"; ma=2592000; v=\"46,43\"","accept-ranges":"none","transfer-encoding":"chunked"}
[info] 
[info] +  Success! Logged in as midorady9999@gmail.com 
[debug] [2021-08-28T18:25:11.080Z] ----------------------------------------------------------------------
[debug] [2021-08-28T18:25:11.083Z] Command:       C:\Program Files\nodejs\node.exe C:\Users\nabil\AppData\Roaming\npm\node_modules\firebase-tools\lib\bin\firebase.js init
[debug] [2021-08-28T18:25:11.083Z] CLI Version:   9.16.6
[debug] [2021-08-28T18:25:11.083Z] Platform:      win32
[debug] [2021-08-28T18:25:11.083Z] Node Version:  v14.16.0
[debug] [2021-08-28T18:25:11.085Z] Time:          Sat Aug 28 2021 20:25:11 GMT+0200 (Eastern European Standard Time)
[debug] [2021-08-28T18:25:11.085Z] ----------------------------------------------------------------------
[debug] 
[debug] [2021-08-28T18:25:11.096Z] > command requires scopes: ["email","openid","https://www.googleapis.com/auth/cloudplatformprojects.readonly","https://www.googleapis.com/auth/firebase","https://www.googleapis.com/auth/cloud-platform"]
[debug] [2021-08-28T18:25:11.099Z] > authorizing via signed-in user (midorady9999@gmail.com)
[info] 
     ######## #### ########  ######## ########     ###     ######  ########
     ##        ##  ##     ## ##       ##     ##  ##   ##  ##       ##
     ######    ##  ########  ######   ########  #########  ######  ######
     ##        ##  ##    ##  ##       ##     ## ##     ##       ## ##
     ##       #### ##     ## ######## ########  ##     ##  ######  ########

You're about to initialize a Firebase project in this directory:

  F:\Shorten-your-links-landing-page

[error] 
[error] Error: Must select at least one feature. Use SPACEBAR to select features, or specify a feature by running firebase init [feature_name]
[debug] [2021-08-28T18:25:32.892Z] ----------------------------------------------------------------------
[debug] [2021-08-28T18:25:32.895Z] Command:       C:\Program Files\nodejs\node.exe C:\Users\nabil\AppData\Roaming\npm\node_modules\firebase-tools\lib\bin\firebase.js init
[debug] [2021-08-28T18:25:32.896Z] CLI Version:   9.16.6
[debug] [2021-08-28T18:25:32.896Z] Platform:      win32
[debug] [2021-08-28T18:25:32.896Z] Node Version:  v14.16.0
[debug] [2021-08-28T18:25:32.897Z] Time:          Sat Aug 28 2021 20:25:32 GMT+0200 (Eastern European Standard Time)
[debug] [2021-08-28T18:25:32.898Z] ----------------------------------------------------------------------
[debug] 
[debug] [2021-08-28T18:25:32.906Z] > command requires scopes: ["email","openid","https://www.googleapis.com/auth/cloudplatformprojects.readonly","https://www.googleapis.com/auth/firebase","https://www.googleapis.com/auth/cloud-platform"]
[debug] [2021-08-28T18:25:32.907Z] > authorizing via signed-in user (midorady9999@gmail.com)
[info] 
     ######## #### ########  ######## ########     ###     ######  ########
     ##        ##  ##     ## ##       ##     ##  ##   ##  ##       ##
     ######    ##  ########  ######   ########  #########  ######  ######
     ##        ##  ##    ##  ##       ##     ## ##     ##       ## ##
     ##       #### ##     ## ######## ########  ##     ##  ######  ########

You're about to initialize a Firebase project in this directory:

  F:\Shorten-your-links-landing-page

[info] 
=== Project Setup
[info] 
[info] First, let's associate this project directory with a Firebase project.
[info] You can create multiple project aliases by running firebase use --add, 
[info] but for now we'll just set up a default project.
[info] 
[debug] [2021-08-28T18:28:33.289Z] >>> [apiv2][query] GET https://firebase.googleapis.com/v1beta1/projects pageSize=100
[debug] [2021-08-28T18:28:33.842Z] <<< [apiv2][status] GET https://firebase.googleapis.com/v1beta1/projects 200
[debug] [2021-08-28T18:28:33.842Z] <<< [apiv2][body] GET https://firebase.googleapis.com/v1beta1/projects [omitted]
[info] i  Using project shorten-your-links (Shorten your links ) 
[info] 
=== Hosting Setup
[info] 
[info] Your public directory is the folder (relative to your project directory) that
[info] will contain Hosting assets to be uploaded with firebase deploy. If you
[info] have a build process for your assets, use your build's output directory.
[info] 
[debug] [2021-08-28T18:28:51.324Z] >>> [apiv2][query] GET https://www.gstatic.com/firebasejs/releases.json [none]
[debug] [2021-08-28T18:28:51.573Z] <<< [apiv2][status] GET https://www.gstatic.com/firebasejs/releases.json 200
[debug] [2021-08-28T18:28:51.574Z] <<< [apiv2][body] GET https://www.gstatic.com/firebasejs/releases.json {"current":{"version":"9.0.0","browserURLCompat":"https://www.gstatic.com/firebasejs/9.0.0/firebase-compat.js","packageURL":"https://www.gstatic.com/firebasejs/9.0.0/firebase.tgz"},"live":{"version":"9.0","browserURLCompat":"https://www.gstatic.com/firebasejs/live/9.0/firebase-compat.js","packageURL":"https://www.gstatic.com/firebasejs/live/9.0/firebase.tgz"},"components":{"analytics":"https://www.gstatic.com/firebasejs/9.0.0/firebase-analytics.js","app":"https://www.gstatic.com/firebasejs/9.0.0/firebase-app.js","app-check":"https://www.gstatic.com/firebasejs/9.0.0/firebase-app-check.js","auth":"https://www.gstatic.com/firebasejs/9.0.0/firebase-auth.js","functions":"https://www.gstatic.com/firebasejs/9.0.0/firebase-functions.js","firestore":"https://www.gstatic.com/firebasejs/9.0.0/firebase-firestore.js","storage":"https://www.gstatic.com/firebasejs/9.0.0/firebase-storage.js","performance":"https://www.gstatic.com/firebasejs/9.0.0/firebase-performance.js","remote-config":"https://www.gstatic.com/firebasejs/9.0.0/firebase-remote-config.js","messaging":"https://www.gstatic.com/firebasejs/9.0.0/firebase-messaging.js","database":"https://www.gstatic.com/firebasejs/9.0.0/firebase-database.js","app-compat":"https://www.gstatic.com/firebasejs/9.0.0/firebase-app-compat.js","analytics-compat":"https://www.gstatic.com/firebasejs/9.0.0/firebase-analytics-compat.js","app-check-compat":"https://www.gstatic.com/firebasejs/9.0.0/firebase-app-check-compat.js","auth-compat":"https://www.gstatic.com/firebasejs/9.0.0/firebase-auth-compat.js","functions-compat":"https://www.gstatic.com/firebasejs/9.0.0/firebase-functions-compat.js","messaging-compat":"https://www.gstatic.com/firebasejs/9.0.0/firebase-messaging-compat.js","performance-compat":"https://www.gstatic.com/firebasejs/9.0.0/firebase-performance-compat.js","remote-config-compat":"https://www.gstatic.com/firebasejs/9.0.0/firebase-remote-config-compat.js","firestore-compat":"https://www.gstatic.com/firebasejs/9.0.0/firebase-firestore-compat.js","storage-compat":"https://www.gstatic.com/firebasejs/9.0.0/firebase-storage-compat.js","database-compat":"https://www.gstatic.com/firebasejs/9.0.0/firebase-database-compat.js","firestore-lite":"https://www.gstatic.com/firebasejs/9.0.0/firebase-firestore-lite.js","messaging-sw":"https://www.gstatic.com/firebasejs/9.0.0/firebase-messaging-sw.js","auth-cordova":"https://www.gstatic.com/firebasejs/9.0.0/firebase-auth-cordova.js","auth-react-native":"https://www.gstatic.com/firebasejs/9.0.0/firebase-auth-react-native.js","performance-standalone":"https://www.gstatic.com/firebasejs/9.0.0/firebase-performance-standalone.js","performance-standalone-compat":"https://www.gstatic.com/firebasejs/9.0.0/firebase-performance-standalone-compat.js"}}
[info] i  Skipping write of build/index.html 
[info] 
[info] i  Writing configuration info to firebase.json... 
[info] i  Writing project information to .firebaserc... 
[info] 
[info] +  Firebase initialization complete! 
[debug] [2021-08-28T18:29:09.495Z] ----------------------------------------------------------------------
[debug] [2021-08-28T18:29:09.497Z] Command:       C:\Program Files\nodejs\node.exe C:\Users\nabil\AppData\Roaming\npm\node_modules\firebase-tools\lib\bin\firebase.js deploy
[debug] [2021-08-28T18:29:09.498Z] CLI Version:   9.16.6
[debug] [2021-08-28T18:29:09.498Z] Platform:      win32
[debug] [2021-08-28T18:29:09.498Z] Node Version:  v14.16.0
[debug] [2021-08-28T18:29:09.499Z] Time:          Sat Aug 28 2021 20:29:09 GMT+0200 (Eastern European Standard Time)
[debug] [2021-08-28T18:29:09.499Z] ----------------------------------------------------------------------
[debug] 
[debug] [2021-08-28T18:29:09.568Z] > command requires scopes: ["email","openid","https://www.googleapis.com/auth/cloudplatformprojects.readonly","https://www.googleapis.com/auth/firebase","https://www.googleapis.com/auth/cloud-platform"]
[debug] [2021-08-28T18:29:09.569Z] > authorizing via signed-in user (midorady9999@gmail.com)
[debug] [2021-08-28T18:29:09.570Z] [iam] checking project shorten-your-links for permissions ["firebase.projects.get","firebasehosting.sites.update"]
[debug] [2021-08-28T18:29:09.574Z] > refreshing access token with scopes: ["email","https://www.googleapis.com/auth/cloud-platform","https://www.googleapis.com/auth/cloudplatformprojects.readonly","https://www.googleapis.com/auth/firebase","openid"]
[debug] [2021-08-28T18:29:09.575Z] >>> HTTP REQUEST POST https://www.googleapis.com/oauth2/v3/token  
 <request body omitted>
[debug] [2021-08-28T18:29:09.966Z] <<< HTTP RESPONSE 200 {"expires":"Mon, 01 Jan 1990 00:00:00 GMT","cache-control":"no-cache, no-store, max-age=0, must-revalidate","pragma":"no-cache","date":"Sat, 28 Aug 2021 20:29:10 GMT","content-type":"application/json; charset=utf-8","vary":"X-Origin, Referer, Origin,Accept-Encoding","server":"scaffolding on HTTPServer2","x-xss-protection":"0","x-frame-options":"SAMEORIGIN","x-content-type-options":"nosniff","alt-svc":"h3=\":443\"; ma=2592000,h3-29=\":443\"; ma=2592000,h3-T051=\":443\"; ma=2592000,h3-Q050=\":443\"; ma=2592000,h3-Q046=\":443\"; ma=2592000,h3-Q043=\":443\"; ma=2592000,quic=\":443\"; ma=2592000; v=\"46,43\"","accept-ranges":"none","transfer-encoding":"chunked"}
[debug] [2021-08-28T18:29:10.013Z] >>> HTTP REQUEST POST https://cloudresourcemanager.googleapis.com/v1/projects/shorten-your-links:testIamPermissions  
 {"permissions":["firebase.projects.get","firebasehosting.sites.update"]}
[debug] [2021-08-28T18:29:11.033Z] <<< HTTP RESPONSE 200 {"content-type":"application/json; charset=UTF-8","vary":"X-Origin, Referer, Origin,Accept-Encoding","date":"Sat, 28 Aug 2021 20:29:11 GMT","server":"ESF","cache-control":"private","x-xss-protection":"0","x-frame-options":"SAMEORIGIN","x-content-type-options":"nosniff","server-timing":"gfet4t7; dur=698","alt-svc":"h3=\":443\"; ma=2592000,h3-29=\":443\"; ma=2592000,h3-T051=\":443\"; ma=2592000,h3-Q050=\":443\"; ma=2592000,h3-Q046=\":443\"; ma=2592000,h3-Q043=\":443\"; ma=2592000,quic=\":443\"; ma=2592000; v=\"46,43\"","accept-ranges":"none","transfer-encoding":"chunked"}
[debug] [2021-08-28T18:29:11.035Z] > refreshing access token with scopes: []
[debug] [2021-08-28T18:29:11.036Z] >>> HTTP REQUEST POST https://www.googleapis.com/oauth2/v3/token  
 <request body omitted>
[debug] [2021-08-28T18:29:11.315Z] <<< HTTP RESPONSE 200 {"pragma":"no-cache","expires":"Mon, 01 Jan 1990 00:00:00 GMT","date":"Sat, 28 Aug 2021 20:29:11 GMT","cache-control":"no-cache, no-store, max-age=0, must-revalidate","content-type":"application/json; charset=utf-8","vary":"X-Origin, Referer, Origin,Accept-Encoding","server":"scaffolding on HTTPServer2","x-xss-protection":"0","x-frame-options":"SAMEORIGIN","x-content-type-options":"nosniff","alt-svc":"h3=\":443\"; ma=2592000,h3-29=\":443\"; ma=2592000,h3-T051=\":443\"; ma=2592000,h3-Q050=\":443\"; ma=2592000,h3-Q046=\":443\"; ma=2592000,h3-Q043=\":443\"; ma=2592000,quic=\":443\"; ma=2592000; v=\"46,43\"","accept-ranges":"none","transfer-encoding":"chunked"}
[debug] [2021-08-28T18:29:11.368Z] >>> [apiv2][query] GET https://firebase.googleapis.com/v1beta1/projects/shorten-your-links [none]
[debug] [2021-08-28T18:29:11.721Z] <<< [apiv2][status] GET https://firebase.googleapis.com/v1beta1/projects/shorten-your-links 200
[debug] [2021-08-28T18:29:11.722Z] <<< [apiv2][body] GET https://firebase.googleapis.com/v1beta1/projects/shorten-your-links {"projectId":"shorten-your-links","projectNumber":"725575509080","displayName":"Shorten your links ","name":"projects/shorten-your-links","resources":{"hostingSite":"shorten-your-links"},"state":"ACTIVE"}
[info] 
[info] === Deploying to 'shorten-your-links'...
[info] 
[info] i  deploying hosting 
[debug] [2021-08-28T18:29:11.732Z] > refreshing access token with scopes: ["email","https://www.googleapis.com/auth/cloud-platform","https://www.googleapis.com/auth/cloudplatformprojects.readonly","https://www.googleapis.com/auth/firebase","openid"]
[debug] [2021-08-28T18:29:11.733Z] >>> HTTP REQUEST POST https://www.googleapis.com/oauth2/v3/token  
 <request body omitted>
[debug] [2021-08-28T18:29:12.019Z] <<< HTTP RESPONSE 200 {"date":"Sat, 28 Aug 2021 20:29:12 GMT","pragma":"no-cache","expires":"Mon, 01 Jan 1990 00:00:00 GMT","cache-control":"no-cache, no-store, max-age=0, must-revalidate","content-type":"application/json; charset=utf-8","vary":"X-Origin, Referer, Origin,Accept-Encoding","server":"scaffolding on HTTPServer2","x-xss-protection":"0","x-frame-options":"SAMEORIGIN","x-content-type-options":"nosniff","alt-svc":"h3=\":443\"; ma=2592000,h3-29=\":443\"; ma=2592000,h3-T051=\":443\"; ma=2592000,h3-Q050=\":443\"; ma=2592000,h3-Q046=\":443\"; ma=2592000,h3-Q043=\":443\"; ma=2592000,quic=\":443\"; ma=2592000; v=\"46,43\"","accept-ranges":"none","transfer-encoding":"chunked"}
[debug] [2021-08-28T18:29:12.064Z] >>> HTTP REQUEST POST https://firebasehosting.googleapis.com/v1beta1/sites/shorten-your-links/versions  
 {"config":{"rewrites":[{"glob":"**","path":"/index.html"}]},"labels":{"deployment-tool":"cli-firebase"}}
[debug] [2021-08-28T18:29:14.217Z] <<< HTTP RESPONSE 200 {"content-type":"application/json; charset=UTF-8","vary":"X-Origin, Referer, Origin,Accept-Encoding","date":"Sat, 28 Aug 2021 20:29:14 GMT","server":"ESF","cache-control":"private","x-xss-protection":"0","x-frame-options":"SAMEORIGIN","x-content-type-options":"nosniff","alt-svc":"h3=\":443\"; ma=2592000,h3-29=\":443\"; ma=2592000,h3-T051=\":443\"; ma=2592000,h3-Q050=\":443\"; ma=2592000,h3-Q046=\":443\"; ma=2592000,h3-Q043=\":443\"; ma=2592000,quic=\":443\"; ma=2592000; v=\"46,43\"","accept-ranges":"none","transfer-encoding":"chunked"}
[info] i  hosting[shorten-your-links]: beginning deploy... 
[info] i  hosting[shorten-your-links]: found 23 files in build 
[debug] [2021-08-28T18:29:14.235Z] [hosting] hash cache [YnVpbGQ] not populated
[debug] [2021-08-28T18:29:14.321Z] > refreshing access token with scopes: []
[debug] [2021-08-28T18:29:14.321Z] >>> HTTP REQUEST POST https://www.googleapis.com/oauth2/v3/token  
 <request body omitted>
[debug] [2021-08-28T18:29:14.325Z] [hosting] hash cache [YnVpbGQ] stored for 23 files
[debug] [2021-08-28T18:29:14.325Z] [hosting][hash queue][FINAL] {"max":82,"min":12,"avg":16.043478260869566,"active":0,"complete":23,"success":23,"errored":0,"retried":0,"total":23,"elapsed":89}
[debug] [2021-08-28T18:29:14.577Z] <<< HTTP RESPONSE 200 {"date":"Sat, 28 Aug 2021 20:29:14 GMT","expires":"Mon, 01 Jan 1990 00:00:00 GMT","pragma":"no-cache","cache-control":"no-cache, no-store, max-age=0, must-revalidate","content-type":"application/json; charset=utf-8","vary":"X-Origin, Referer, Origin,Accept-Encoding","server":"scaffolding on HTTPServer2","x-xss-protection":"0","x-frame-options":"SAMEORIGIN","x-content-type-options":"nosniff","alt-svc":"h3=\":443\"; ma=2592000,h3-29=\":443\"; ma=2592000,h3-T051=\":443\"; ma=2592000,h3-Q050=\":443\"; ma=2592000,h3-Q046=\":443\"; ma=2592000,h3-Q043=\":443\"; ma=2592000,quic=\":443\"; ma=2592000; v=\"46,43\"","accept-ranges":"none","transfer-encoding":"chunked"}
[debug] [2021-08-28T18:29:14.632Z] >>> [apiv2][query] POST https://firebasehosting.googleapis.com/v1beta1/sites/shorten-your-links/versions/60f8c2c556485d30:populateFiles [none]
[debug] [2021-08-28T18:29:14.633Z] >>> [apiv2][body] POST https://firebasehosting.googleapis.com/v1beta1/sites/shorten-your-links/versions/60f8c2c556485d30:populateFiles {"files":{"/asset-manifest.json":"29d593b2c0c05d6c959a566d8e643199fc38ff367f628c5e3926fc7c10b9874c","/robots.txt":"b2090cf9761ef60aa06e4fab97679bd43dfa5e5df073701ead5879d7c68f1ec5","/index.html":"d3259a8f91d7560c6596261b332f10a87652d38ae55e89daa6a1ba7ab27e9802","/static/css/main.deb28b8f.chunk.css":"70bce3bc09b454563d602dca98be3b7a953723a472e1363862b00b659a9fe222","/static/js/2.a82dd0ab.chunk.js.LICENSE.txt":"344f60d92805a3f6078799efe3001c0746af425c166ecf1779b9a58f0ef566af","/static/js/main.a0a1be49.chunk.js":"354f2d2a835f612d4713e0c18aeb7c9ca25683a6644571930ff03429d2ee95d7","/static/js/runtime-main.47313b93.js":"1a58e5b4d8224a8d7c9b278d376d13c1cd9361af6bee1267f68e2cb1468a5187","/static/js/runtime-main.47313b93.js.map":"76b15972c1fbfd9e65404184ea16970b53e3796b37e2cf6bfe2c4a0d9b9159f2","/static/media/bg-boost-desktop.772154c9.svg":"2989318b587569ff13716f01f98dc49316b536f19d3e0764a6bb97fef491bbfa","/static/css/main.deb28b8f.chunk.css.map":"ff4648f4c4272551f331cd4d0734e30d6ddcbd353d9537f378a3ad0099e5c0b2","/static/media/bg-shorten-desktop.0d9742f4.svg":"9582057485f22d4e8f376f0af224386d80af101b70e8d73315ffb9525ac0e211","/static/media/icon-brand-recognition.c349d3b6.svg":"e4df00e5e5a2d4a8d9648533364d5e6ae37ff0016b4c0f23c70739c8885e36ba","/static/media/icon-detailed-records.265c8aea.svg":"0ee95a731370bbb0d4721dae41dd702df91ace4343409331c3ae642504106593","/static/media/icon-facebook.229c75a0.svg":"f58a3e54b375cb1f510716788cebacb9a89e508f33d828d1a75f2c624c9bb1f6","/static/js/main.a0a1be49.chunk.js.map":"1f16d6734b49f807155fba4d035a23489aef0ec7dad7b04528b26dfc4125cec1","/static/media/icon-pinterest.a2d25ab4.svg":"edce274405932e847eed6140725c263856a908358861322ffcd8a7283ff3ffaf","/static/media/icon-fully-customizable.a1532a74.svg":"f51c960fdde6a629b1382dd2e90284eaf33ec017861ea6a979d5e7f8e73cabb0","/static/media/icon-instagram.df587328.svg":"92da8e0a65f4979479fe7997f81fca911890d8848ba2d092ee756a6c6dac081e","/static/media/icon-twitter.1d5c6d5e.svg":"bcd2bb9350b0c5b343b83a267d7e49f0651d1645318c506d51cd10d2ce7f0821","/static/media/logo.83464303.svg":"afdb4935ac0617e360b7f13f2ec30e8bcb464402709f807279d71f1787b4a278","/static/media/illustration-working.c9b5ef54.svg":"8ef7bff2bec5f06cea72ebaedca9a9a59049ac34cdb052513111e9a5bcb70097","/static/js/2.a82dd0ab.chunk.js":"caaff299ec128a0d45157e2eae4119a195482c3b686243ba01e8fcfcba7923bc","/static/js/2.a82dd0ab.chunk.js.map":"813c8e02c1a61c4c6e7d31849cafd8899a5dcf9b6168aad0500357ad548dc97f"}}
[debug] [2021-08-28T18:29:15.921Z] <<< [apiv2][status] POST https://firebasehosting.googleapis.com/v1beta1/sites/shorten-your-links/versions/60f8c2c556485d30:populateFiles 200
[debug] [2021-08-28T18:29:15.922Z] <<< [apiv2][body] POST https://firebasehosting.googleapis.com/v1beta1/sites/shorten-your-links/versions/60f8c2c556485d30:populateFiles {"uploadRequiredHashes":["2989318b587569ff13716f01f98dc49316b536f19d3e0764a6bb97fef491bbfa","92da8e0a65f4979479fe7997f81fca911890d8848ba2d092ee756a6c6dac081e","1f16d6734b49f807155fba4d035a23489aef0ec7dad7b04528b26dfc4125cec1","8ef7bff2bec5f06cea72ebaedca9a9a59049ac34cdb052513111e9a5bcb70097","ff4648f4c4272551f331cd4d0734e30d6ddcbd353d9537f378a3ad0099e5c0b2","d3259a8f91d7560c6596261b332f10a87652d38ae55e89daa6a1ba7ab27e9802","caaff299ec128a0d45157e2eae4119a195482c3b686243ba01e8fcfcba7923bc","9582057485f22d4e8f376f0af224386d80af101b70e8d73315ffb9525ac0e211","b2090cf9761ef60aa06e4fab97679bd43dfa5e5df073701ead5879d7c68f1ec5","afdb4935ac0617e360b7f13f2ec30e8bcb464402709f807279d71f1787b4a278","e4df00e5e5a2d4a8d9648533364d5e6ae37ff0016b4c0f23c70739c8885e36ba","813c8e02c1a61c4c6e7d31849cafd8899a5dcf9b6168aad0500357ad548dc97f","344f60d92805a3f6078799efe3001c0746af425c166ecf1779b9a58f0ef566af","70bce3bc09b454563d602dca98be3b7a953723a472e1363862b00b659a9fe222","f51c960fdde6a629b1382dd2e90284eaf33ec017861ea6a979d5e7f8e73cabb0","76b15972c1fbfd9e65404184ea16970b53e3796b37e2cf6bfe2c4a0d9b9159f2","29d593b2c0c05d6c959a566d8e643199fc38ff367f628c5e3926fc7c10b9874c","f58a3e54b375cb1f510716788cebacb9a89e508f33d828d1a75f2c624c9bb1f6","0ee95a731370bbb0d4721dae41dd702df91ace4343409331c3ae642504106593","edce274405932e847eed6140725c263856a908358861322ffcd8a7283ff3ffaf","354f2d2a835f612d4713e0c18aeb7c9ca25683a6644571930ff03429d2ee95d7","bcd2bb9350b0c5b343b83a267d7e49f0651d1645318c506d51cd10d2ce7f0821","1a58e5b4d8224a8d7c9b278d376d13c1cd9361af6bee1267f68e2cb1468a5187"],"uploadUrl":"https://upload-firebasehosting.googleapis.com/upload/sites/shorten-your-links/versions/60f8c2c556485d30/files"}
[debug] [2021-08-28T18:29:15.931Z] >>> [apiv2][query] POST https://upload-firebasehosting.googleapis.com/upload/sites/shorten-your-links/versions/60f8c2c556485d30/files/2989318b587569ff13716f01f98dc49316b536f19d3e0764a6bb97fef491bbfa [none]
[debug] [2021-08-28T18:29:15.931Z] >>> [apiv2][body] POST https://upload-firebasehosting.googleapis.com/upload/sites/shorten-your-links/versions/60f8c2c556485d30/files/2989318b587569ff13716f01f98dc49316b536f19d3e0764a6bb97fef491bbfa [stream]
[debug] [2021-08-28T18:29:15.933Z] >>> [apiv2][query] POST https://upload-firebasehosting.googleapis.com/upload/sites/shorten-your-links/versions/60f8c2c556485d30/files/92da8e0a65f4979479fe7997f81fca911890d8848ba2d092ee756a6c6dac081e [none]
[debug] [2021-08-28T18:29:15.934Z] >>> [apiv2][body] POST https://upload-firebasehosting.googleapis.com/upload/sites/shorten-your-links/versions/60f8c2c556485d30/files/92da8e0a65f4979479fe7997f81fca911890d8848ba2d092ee756a6c6dac081e [stream]
[debug] [2021-08-28T18:29:15.935Z] >>> [apiv2][query] POST https://upload-firebasehosting.googleapis.com/upload/sites/shorten-your-links/versions/60f8c2c556485d30/files/1f16d6734b49f807155fba4d035a23489aef0ec7dad7b04528b26dfc4125cec1 [none]
[debug] [2021-08-28T18:29:15.935Z] >>> [apiv2][body] POST https://upload-firebasehosting.googleapis.com/upload/sites/shorten-your-links/versions/60f8c2c556485d30/files/1f16d6734b49f807155fba4d035a23489aef0ec7dad7b04528b26dfc4125cec1 [stream]
[debug] [2021-08-28T18:29:15.937Z] >>> [apiv2][query] POST https://upload-firebasehosting.googleapis.com/upload/sites/shorten-your-links/versions/60f8c2c556485d30/files/8ef7bff2bec5f06cea72ebaedca9a9a59049ac34cdb052513111e9a5bcb70097 [none]
[debug] [2021-08-28T18:29:15.937Z] >>> [apiv2][body] POST https://upload-firebasehosting.googleapis.com/upload/sites/shorten-your-links/versions/60f8c2c556485d30/files/8ef7bff2bec5f06cea72ebaedca9a9a59049ac34cdb052513111e9a5bcb70097 [stream]
[debug] [2021-08-28T18:29:15.939Z] >>> [apiv2][query] POST https://upload-firebasehosting.googleapis.com/upload/sites/shorten-your-links/versions/60f8c2c556485d30/files/ff4648f4c4272551f331cd4d0734e30d6ddcbd353d9537f378a3ad0099e5c0b2 [none]
[debug] [2021-08-28T18:29:15.941Z] >>> [apiv2][body] POST https://upload-firebasehosting.googleapis.com/upload/sites/shorten-your-links/versions/60f8c2c556485d30/files/ff4648f4c4272551f331cd4d0734e30d6ddcbd353d9537f378a3ad0099e5c0b2 [stream]
[debug] [2021-08-28T18:29:15.942Z] >>> [apiv2][query] POST https://upload-firebasehosting.googleapis.com/upload/sites/shorten-your-links/versions/60f8c2c556485d30/files/d3259a8f91d7560c6596261b332f10a87652d38ae55e89daa6a1ba7ab27e9802 [none]
[debug] [2021-08-28T18:29:15.942Z] >>> [apiv2][body] POST https://upload-firebasehosting.googleapis.com/upload/sites/shorten-your-links/versions/60f8c2c556485d30/files/d3259a8f91d7560c6596261b332f10a87652d38ae55e89daa6a1ba7ab27e9802 [stream]
[debug] [2021-08-28T18:29:15.944Z] >>> [apiv2][query] POST https://upload-firebasehosting.googleapis.com/upload/sites/shorten-your-links/versions/60f8c2c556485d30/files/caaff299ec128a0d45157e2eae4119a195482c3b686243ba01e8fcfcba7923bc [none]
[debug] [2021-08-28T18:29:15.944Z] >>> [apiv2][body] POST https://upload-firebasehosting.googleapis.com/upload/sites/shorten-your-links/versions/60f8c2c556485d30/files/caaff299ec128a0d45157e2eae4119a195482c3b686243ba01e8fcfcba7923bc [stream]
[debug] [2021-08-28T18:29:15.946Z] >>> [apiv2][query] POST https://upload-firebasehosting.googleapis.com/upload/sites/shorten-your-links/versions/60f8c2c556485d30/files/9582057485f22d4e8f376f0af224386d80af101b70e8d73315ffb9525ac0e211 [none]
[debug] [2021-08-28T18:29:15.947Z] >>> [apiv2][body] POST https://upload-firebasehosting.googleapis.com/upload/sites/shorten-your-links/versions/60f8c2c556485d30/files/9582057485f22d4e8f376f0af224386d80af101b70e8d73315ffb9525ac0e211 [stream]
[debug] [2021-08-28T18:29:15.948Z] >>> [apiv2][query] POST https://upload-firebasehosting.googleapis.com/upload/sites/shorten-your-links/versions/60f8c2c556485d30/files/b2090cf9761ef60aa06e4fab97679bd43dfa5e5df073701ead5879d7c68f1ec5 [none]
[debug] [2021-08-28T18:29:15.948Z] >>> [apiv2][body] POST https://upload-firebasehosting.googleapis.com/upload/sites/shorten-your-links/versions/60f8c2c556485d30/files/b2090cf9761ef60aa06e4fab97679bd43dfa5e5df073701ead5879d7c68f1ec5 [stream]
[debug] [2021-08-28T18:29:15.949Z] >>> [apiv2][query] POST https://upload-firebasehosting.googleapis.com/upload/sites/shorten-your-links/versions/60f8c2c556485d30/files/afdb4935ac0617e360b7f13f2ec30e8bcb464402709f807279d71f1787b4a278 [none]
[debug] [2021-08-28T18:29:15.949Z] >>> [apiv2][body] POST https://upload-firebasehosting.googleapis.com/upload/sites/shorten-your-links/versions/60f8c2c556485d30/files/afdb4935ac0617e360b7f13f2ec30e8bcb464402709f807279d71f1787b4a278 [stream]
[debug] [2021-08-28T18:29:15.950Z] >>> [apiv2][query] POST https://upload-firebasehosting.googleapis.com/upload/sites/shorten-your-links/versions/60f8c2c556485d30/files/e4df00e5e5a2d4a8d9648533364d5e6ae37ff0016b4c0f23c70739c8885e36ba [none]
[debug] [2021-08-28T18:29:15.951Z] >>> [apiv2][body] POST https://upload-firebasehosting.googleapis.com/upload/sites/shorten-your-links/versions/60f8c2c556485d30/files/e4df00e5e5a2d4a8d9648533364d5e6ae37ff0016b4c0f23c70739c8885e36ba [stream]
[debug] [2021-08-28T18:29:15.952Z] >>> [apiv2][query] POST https://upload-firebasehosting.googleapis.com/upload/sites/shorten-your-links/versions/60f8c2c556485d30/files/813c8e02c1a61c4c6e7d31849cafd8899a5dcf9b6168aad0500357ad548dc97f [none]
[debug] [2021-08-28T18:29:15.952Z] >>> [apiv2][body] POST https://upload-firebasehosting.googleapis.com/upload/sites/shorten-your-links/versions/60f8c2c556485d30/files/813c8e02c1a61c4c6e7d31849cafd8899a5dcf9b6168aad0500357ad548dc97f [stream]
[debug] [2021-08-28T18:29:15.953Z] >>> [apiv2][query] POST https://upload-firebasehosting.googleapis.com/upload/sites/shorten-your-links/versions/60f8c2c556485d30/files/344f60d92805a3f6078799efe3001c0746af425c166ecf1779b9a58f0ef566af [none]
[debug] [2021-08-28T18:29:15.953Z] >>> [apiv2][body] POST https://upload-firebasehosting.googleapis.com/upload/sites/shorten-your-links/versions/60f8c2c556485d30/files/344f60d92805a3f6078799efe3001c0746af425c166ecf1779b9a58f0ef566af [stream]
[debug] [2021-08-28T18:29:15.955Z] >>> [apiv2][query] POST https://upload-firebasehosting.googleapis.com/upload/sites/shorten-your-links/versions/60f8c2c556485d30/files/70bce3bc09b454563d602dca98be3b7a953723a472e1363862b00b659a9fe222 [none]
[debug] [2021-08-28T18:29:15.957Z] >>> [apiv2][body] POST https://upload-firebasehosting.googleapis.com/upload/sites/shorten-your-links/versions/60f8c2c556485d30/files/70bce3bc09b454563d602dca98be3b7a953723a472e1363862b00b659a9fe222 [stream]
[debug] [2021-08-28T18:29:15.958Z] >>> [apiv2][query] POST https://upload-firebasehosting.googleapis.com/upload/sites/shorten-your-links/versions/60f8c2c556485d30/files/f51c960fdde6a629b1382dd2e90284eaf33ec017861ea6a979d5e7f8e73cabb0 [none]
[debug] [2021-08-28T18:29:15.959Z] >>> [apiv2][body] POST https://upload-firebasehosting.googleapis.com/upload/sites/shorten-your-links/versions/60f8c2c556485d30/files/f51c960fdde6a629b1382dd2e90284eaf33ec017861ea6a979d5e7f8e73cabb0 [stream]
[debug] [2021-08-28T18:29:15.960Z] >>> [apiv2][query] POST https://upload-firebasehosting.googleapis.com/upload/sites/shorten-your-links/versions/60f8c2c556485d30/files/76b15972c1fbfd9e65404184ea16970b53e3796b37e2cf6bfe2c4a0d9b9159f2 [none]
[debug] [2021-08-28T18:29:15.960Z] >>> [apiv2][body] POST https://upload-firebasehosting.googleapis.com/upload/sites/shorten-your-links/versions/60f8c2c556485d30/files/76b15972c1fbfd9e65404184ea16970b53e3796b37e2cf6bfe2c4a0d9b9159f2 [stream]
[debug] [2021-08-28T18:29:15.962Z] >>> [apiv2][query] POST https://upload-firebasehosting.googleapis.com/upload/sites/shorten-your-links/versions/60f8c2c556485d30/files/29d593b2c0c05d6c959a566d8e643199fc38ff367f628c5e3926fc7c10b9874c [none]
[debug] [2021-08-28T18:29:15.962Z] >>> [apiv2][body] POST https://upload-firebasehosting.googleapis.com/upload/sites/shorten-your-links/versions/60f8c2c556485d30/files/29d593b2c0c05d6c959a566d8e643199fc38ff367f628c5e3926fc7c10b9874c [stream]
[debug] [2021-08-28T18:29:15.963Z] >>> [apiv2][query] POST https://upload-firebasehosting.googleapis.com/upload/sites/shorten-your-links/versions/60f8c2c556485d30/files/f58a3e54b375cb1f510716788cebacb9a89e508f33d828d1a75f2c624c9bb1f6 [none]
[debug] [2021-08-28T18:29:15.963Z] >>> [apiv2][body] POST https://upload-firebasehosting.googleapis.com/upload/sites/shorten-your-links/versions/60f8c2c556485d30/files/f58a3e54b375cb1f510716788cebacb9a89e508f33d828d1a75f2c624c9bb1f6 [stream]
[debug] [2021-08-28T18:29:15.964Z] >>> [apiv2][query] POST https://upload-firebasehosting.googleapis.com/upload/sites/shorten-your-links/versions/60f8c2c556485d30/files/0ee95a731370bbb0d4721dae41dd702df91ace4343409331c3ae642504106593 [none]
[debug] [2021-08-28T18:29:15.965Z] >>> [apiv2][body] POST https://upload-firebasehosting.googleapis.com/upload/sites/shorten-your-links/versions/60f8c2c556485d30/files/0ee95a731370bbb0d4721dae41dd702df91ace4343409331c3ae642504106593 [stream]
[debug] [2021-08-28T18:29:15.966Z] >>> [apiv2][query] POST https://upload-firebasehosting.googleapis.com/upload/sites/shorten-your-links/versions/60f8c2c556485d30/files/edce274405932e847eed6140725c263856a908358861322ffcd8a7283ff3ffaf [none]
[debug] [2021-08-28T18:29:15.966Z] >>> [apiv2][body] POST https://upload-firebasehosting.googleapis.com/upload/sites/shorten-your-links/versions/60f8c2c556485d30/files/edce274405932e847eed6140725c263856a908358861322ffcd8a7283ff3ffaf [stream]
[debug] [2021-08-28T18:29:15.967Z] >>> [apiv2][query] POST https://upload-firebasehosting.googleapis.com/upload/sites/shorten-your-links/versions/60f8c2c556485d30/files/354f2d2a835f612d4713e0c18aeb7c9ca25683a6644571930ff03429d2ee95d7 [none]
[debug] [2021-08-28T18:29:15.967Z] >>> [apiv2][body] POST https://upload-firebasehosting.googleapis.com/upload/sites/shorten-your-links/versions/60f8c2c556485d30/files/354f2d2a835f612d4713e0c18aeb7c9ca25683a6644571930ff03429d2ee95d7 [stream]
[debug] [2021-08-28T18:29:15.969Z] >>> [apiv2][query] POST https://upload-firebasehosting.googleapis.com/upload/sites/shorten-your-links/versions/60f8c2c556485d30/files/bcd2bb9350b0c5b343b83a267d7e49f0651d1645318c506d51cd10d2ce7f0821 [none]
[debug] [2021-08-28T18:29:15.969Z] >>> [apiv2][body] POST https://upload-firebasehosting.googleapis.com/upload/sites/shorten-your-links/versions/60f8c2c556485d30/files/bcd2bb9350b0c5b343b83a267d7e49f0651d1645318c506d51cd10d2ce7f0821 [stream]
[debug] [2021-08-28T18:29:15.970Z] >>> [apiv2][query] POST https://upload-firebasehosting.googleapis.com/upload/sites/shorten-your-links/versions/60f8c2c556485d30/files/1a58e5b4d8224a8d7c9b278d376d13c1cd9361af6bee1267f68e2cb1468a5187 [none]
[debug] [2021-08-28T18:29:15.973Z] >>> [apiv2][body] POST https://upload-firebasehosting.googleapis.com/upload/sites/shorten-your-links/versions/60f8c2c556485d30/files/1a58e5b4d8224a8d7c9b278d376d13c1cd9361af6bee1267f68e2cb1468a5187 [stream]
[debug] [2021-08-28T18:29:15.974Z] [hosting][populate queue][FINAL] {"max":1610,"min":1610,"avg":1610,"active":0,"complete":1,"success":1,"errored":0,"retried":0,"total":1,"elapsed":1653}
[debug] [2021-08-28T18:29:15.975Z] [hosting] uploads queued: 23
[debug] [2021-08-28T18:29:17.660Z] <<< [apiv2][status] POST https://upload-firebasehosting.googleapis.com/upload/sites/shorten-your-links/versions/60f8c2c556485d30/files/8ef7bff2bec5f06cea72ebaedca9a9a59049ac34cdb052513111e9a5bcb70097 200
[debug] [2021-08-28T18:29:17.661Z] <<< [apiv2][body] POST https://upload-firebasehosting.googleapis.com/upload/sites/shorten-your-links/versions/60f8c2c556485d30/files/8ef7bff2bec5f06cea72ebaedca9a9a59049ac34cdb052513111e9a5bcb70097 [stream]
[debug] [2021-08-28T18:29:17.923Z] <<< [apiv2][status] POST https://upload-firebasehosting.googleapis.com/upload/sites/shorten-your-links/versions/60f8c2c556485d30/files/1f16d6734b49f807155fba4d035a23489aef0ec7dad7b04528b26dfc4125cec1 200
[debug] [2021-08-28T18:29:17.924Z] <<< [apiv2][body] POST https://upload-firebasehosting.googleapis.com/upload/sites/shorten-your-links/versions/60f8c2c556485d30/files/1f16d6734b49f807155fba4d035a23489aef0ec7dad7b04528b26dfc4125cec1 [stream]
[debug] [2021-08-28T18:29:18.294Z] <<< [apiv2][status] POST https://upload-firebasehosting.googleapis.com/upload/sites/shorten-your-links/versions/60f8c2c556485d30/files/70bce3bc09b454563d602dca98be3b7a953723a472e1363862b00b659a9fe222 200
[debug] [2021-08-28T18:29:18.295Z] <<< [apiv2][body] POST https://upload-firebasehosting.googleapis.com/upload/sites/shorten-your-links/versions/60f8c2c556485d30/files/70bce3bc09b454563d602dca98be3b7a953723a472e1363862b00b659a9fe222 [stream]
[debug] [2021-08-28T18:29:18.315Z] <<< [apiv2][status] POST https://upload-firebasehosting.googleapis.com/upload/sites/shorten-your-links/versions/60f8c2c556485d30/files/92da8e0a65f4979479fe7997f81fca911890d8848ba2d092ee756a6c6dac081e 200
[debug] [2021-08-28T18:29:18.316Z] <<< [apiv2][body] POST https://upload-firebasehosting.googleapis.com/upload/sites/shorten-your-links/versions/60f8c2c556485d30/files/92da8e0a65f4979479fe7997f81fca911890d8848ba2d092ee756a6c6dac081e [stream]
[debug] [2021-08-28T18:29:18.317Z] <<< [apiv2][status] POST https://upload-firebasehosting.googleapis.com/upload/sites/shorten-your-links/versions/60f8c2c556485d30/files/ff4648f4c4272551f331cd4d0734e30d6ddcbd353d9537f378a3ad0099e5c0b2 200
[debug] [2021-08-28T18:29:18.318Z] <<< [apiv2][body] POST https://upload-firebasehosting.googleapis.com/upload/sites/shorten-your-links/versions/60f8c2c556485d30/files/ff4648f4c4272551f331cd4d0734e30d6ddcbd353d9537f378a3ad0099e5c0b2 [stream]
[debug] [2021-08-28T18:29:18.426Z] <<< [apiv2][status] POST https://upload-firebasehosting.googleapis.com/upload/sites/shorten-your-links/versions/60f8c2c556485d30/files/f58a3e54b375cb1f510716788cebacb9a89e508f33d828d1a75f2c624c9bb1f6 200
[debug] [2021-08-28T18:29:18.426Z] <<< [apiv2][body] POST https://upload-firebasehosting.googleapis.com/upload/sites/shorten-your-links/versions/60f8c2c556485d30/files/f58a3e54b375cb1f510716788cebacb9a89e508f33d828d1a75f2c624c9bb1f6 [stream]
[debug] [2021-08-28T18:29:18.438Z] <<< [apiv2][status] POST https://upload-firebasehosting.googleapis.com/upload/sites/shorten-your-links/versions/60f8c2c556485d30/files/2989318b587569ff13716f01f98dc49316b536f19d3e0764a6bb97fef491bbfa 200
[debug] [2021-08-28T18:29:18.439Z] <<< [apiv2][body] POST https://upload-firebasehosting.googleapis.com/upload/sites/shorten-your-links/versions/60f8c2c556485d30/files/2989318b587569ff13716f01f98dc49316b536f19d3e0764a6bb97fef491bbfa [stream]
[debug] [2021-08-28T18:29:18.611Z] <<< [apiv2][status] POST https://upload-firebasehosting.googleapis.com/upload/sites/shorten-your-links/versions/60f8c2c556485d30/files/29d593b2c0c05d6c959a566d8e643199fc38ff367f628c5e3926fc7c10b9874c 200
[debug] [2021-08-28T18:29:18.611Z] <<< [apiv2][body] POST https://upload-firebasehosting.googleapis.com/upload/sites/shorten-your-links/versions/60f8c2c556485d30/files/29d593b2c0c05d6c959a566d8e643199fc38ff367f628c5e3926fc7c10b9874c [stream]
[debug] [2021-08-28T18:29:18.654Z] <<< [apiv2][status] POST https://upload-firebasehosting.googleapis.com/upload/sites/shorten-your-links/versions/60f8c2c556485d30/files/f51c960fdde6a629b1382dd2e90284eaf33ec017861ea6a979d5e7f8e73cabb0 200
[debug] [2021-08-28T18:29:18.654Z] <<< [apiv2][body] POST https://upload-firebasehosting.googleapis.com/upload/sites/shorten-your-links/versions/60f8c2c556485d30/files/f51c960fdde6a629b1382dd2e90284eaf33ec017861ea6a979d5e7f8e73cabb0 [stream]
[debug] [2021-08-28T18:29:18.989Z] <<< [apiv2][status] POST https://upload-firebasehosting.googleapis.com/upload/sites/shorten-your-links/versions/60f8c2c556485d30/files/caaff299ec128a0d45157e2eae4119a195482c3b686243ba01e8fcfcba7923bc 200
[debug] [2021-08-28T18:29:18.990Z] <<< [apiv2][body] POST https://upload-firebasehosting.googleapis.com/upload/sites/shorten-your-links/versions/60f8c2c556485d30/files/caaff299ec128a0d45157e2eae4119a195482c3b686243ba01e8fcfcba7923bc [stream]
[debug] [2021-08-28T18:29:19.082Z] <<< [apiv2][status] POST https://upload-firebasehosting.googleapis.com/upload/sites/shorten-your-links/versions/60f8c2c556485d30/files/bcd2bb9350b0c5b343b83a267d7e49f0651d1645318c506d51cd10d2ce7f0821 200
[debug] [2021-08-28T18:29:19.083Z] <<< [apiv2][body] POST https://upload-firebasehosting.googleapis.com/upload/sites/shorten-your-links/versions/60f8c2c556485d30/files/bcd2bb9350b0c5b343b83a267d7e49f0651d1645318c506d51cd10d2ce7f0821 [stream]
[debug] [2021-08-28T18:29:19.169Z] <<< [apiv2][status] POST https://upload-firebasehosting.googleapis.com/upload/sites/shorten-your-links/versions/60f8c2c556485d30/files/344f60d92805a3f6078799efe3001c0746af425c166ecf1779b9a58f0ef566af 200
[debug] [2021-08-28T18:29:19.169Z] <<< [apiv2][body] POST https://upload-firebasehosting.googleapis.com/upload/sites/shorten-your-links/versions/60f8c2c556485d30/files/344f60d92805a3f6078799efe3001c0746af425c166ecf1779b9a58f0ef566af [stream]
[debug] [2021-08-28T18:29:19.182Z] <<< [apiv2][status] POST https://upload-firebasehosting.googleapis.com/upload/sites/shorten-your-links/versions/60f8c2c556485d30/files/354f2d2a835f612d4713e0c18aeb7c9ca25683a6644571930ff03429d2ee95d7 200
[debug] [2021-08-28T18:29:19.183Z] <<< [apiv2][body] POST https://upload-firebasehosting.googleapis.com/upload/sites/shorten-your-links/versions/60f8c2c556485d30/files/354f2d2a835f612d4713e0c18aeb7c9ca25683a6644571930ff03429d2ee95d7 [stream]
[debug] [2021-08-28T18:29:19.276Z] <<< [apiv2][status] POST https://upload-firebasehosting.googleapis.com/upload/sites/shorten-your-links/versions/60f8c2c556485d30/files/9582057485f22d4e8f376f0af224386d80af101b70e8d73315ffb9525ac0e211 200
[debug] [2021-08-28T18:29:19.277Z] <<< [apiv2][body] POST https://upload-firebasehosting.googleapis.com/upload/sites/shorten-your-links/versions/60f8c2c556485d30/files/9582057485f22d4e8f376f0af224386d80af101b70e8d73315ffb9525ac0e211 [stream]
[debug] [2021-08-28T18:29:19.283Z] <<< [apiv2][status] POST https://upload-firebasehosting.googleapis.com/upload/sites/shorten-your-links/versions/60f8c2c556485d30/files/e4df00e5e5a2d4a8d9648533364d5e6ae37ff0016b4c0f23c70739c8885e36ba 200
[debug] [2021-08-28T18:29:19.283Z] <<< [apiv2][body] POST https://upload-firebasehosting.googleapis.com/upload/sites/shorten-your-links/versions/60f8c2c556485d30/files/e4df00e5e5a2d4a8d9648533364d5e6ae37ff0016b4c0f23c70739c8885e36ba [stream]
[debug] [2021-08-28T18:29:19.318Z] <<< [apiv2][status] POST https://upload-firebasehosting.googleapis.com/upload/sites/shorten-your-links/versions/60f8c2c556485d30/files/edce274405932e847eed6140725c263856a908358861322ffcd8a7283ff3ffaf 200
[debug] [2021-08-28T18:29:19.318Z] <<< [apiv2][body] POST https://upload-firebasehosting.googleapis.com/upload/sites/shorten-your-links/versions/60f8c2c556485d30/files/edce274405932e847eed6140725c263856a908358861322ffcd8a7283ff3ffaf [stream]
[debug] [2021-08-28T18:29:19.321Z] <<< [apiv2][status] POST https://upload-firebasehosting.googleapis.com/upload/sites/shorten-your-links/versions/60f8c2c556485d30/files/0ee95a731370bbb0d4721dae41dd702df91ace4343409331c3ae642504106593 200
[debug] [2021-08-28T18:29:19.321Z] <<< [apiv2][body] POST https://upload-firebasehosting.googleapis.com/upload/sites/shorten-your-links/versions/60f8c2c556485d30/files/0ee95a731370bbb0d4721dae41dd702df91ace4343409331c3ae642504106593 [stream]
[debug] [2021-08-28T18:29:19.349Z] <<< [apiv2][status] POST https://upload-firebasehosting.googleapis.com/upload/sites/shorten-your-links/versions/60f8c2c556485d30/files/76b15972c1fbfd9e65404184ea16970b53e3796b37e2cf6bfe2c4a0d9b9159f2 200
[debug] [2021-08-28T18:29:19.350Z] <<< [apiv2][body] POST https://upload-firebasehosting.googleapis.com/upload/sites/shorten-your-links/versions/60f8c2c556485d30/files/76b15972c1fbfd9e65404184ea16970b53e3796b37e2cf6bfe2c4a0d9b9159f2 [stream]
[debug] [2021-08-28T18:29:19.417Z] <<< [apiv2][status] POST https://upload-firebasehosting.googleapis.com/upload/sites/shorten-your-links/versions/60f8c2c556485d30/files/b2090cf9761ef60aa06e4fab97679bd43dfa5e5df073701ead5879d7c68f1ec5 200
[debug] [2021-08-28T18:29:19.418Z] <<< [apiv2][body] POST https://upload-firebasehosting.googleapis.com/upload/sites/shorten-your-links/versions/60f8c2c556485d30/files/b2090cf9761ef60aa06e4fab97679bd43dfa5e5df073701ead5879d7c68f1ec5 [stream]
[debug] [2021-08-28T18:29:19.481Z] <<< [apiv2][status] POST https://upload-firebasehosting.googleapis.com/upload/sites/shorten-your-links/versions/60f8c2c556485d30/files/d3259a8f91d7560c6596261b332f10a87652d38ae55e89daa6a1ba7ab27e9802 200
[debug] [2021-08-28T18:29:19.482Z] <<< [apiv2][body] POST https://upload-firebasehosting.googleapis.com/upload/sites/shorten-your-links/versions/60f8c2c556485d30/files/d3259a8f91d7560c6596261b332f10a87652d38ae55e89daa6a1ba7ab27e9802 [stream]
[debug] [2021-08-28T18:29:19.965Z] <<< [apiv2][status] POST https://upload-firebasehosting.googleapis.com/upload/sites/shorten-your-links/versions/60f8c2c556485d30/files/afdb4935ac0617e360b7f13f2ec30e8bcb464402709f807279d71f1787b4a278 200
[debug] [2021-08-28T18:29:19.966Z] <<< [apiv2][body] POST https://upload-firebasehosting.googleapis.com/upload/sites/shorten-your-links/versions/60f8c2c556485d30/files/afdb4935ac0617e360b7f13f2ec30e8bcb464402709f807279d71f1787b4a278 [stream]
[debug] [2021-08-28T18:29:20.798Z] <<< [apiv2][status] POST https://upload-firebasehosting.googleapis.com/upload/sites/shorten-your-links/versions/60f8c2c556485d30/files/1a58e5b4d8224a8d7c9b278d376d13c1cd9361af6bee1267f68e2cb1468a5187 200
[debug] [2021-08-28T18:29:20.798Z] <<< [apiv2][body] POST https://upload-firebasehosting.googleapis.com/upload/sites/shorten-your-links/versions/60f8c2c556485d30/files/1a58e5b4d8224a8d7c9b278d376d13c1cd9361af6bee1267f68e2cb1468a5187 [stream]
[debug] [2021-08-28T18:29:22.469Z] <<< [apiv2][status] POST https://upload-firebasehosting.googleapis.com/upload/sites/shorten-your-links/versions/60f8c2c556485d30/files/813c8e02c1a61c4c6e7d31849cafd8899a5dcf9b6168aad0500357ad548dc97f 200
[debug] [2021-08-28T18:29:22.469Z] <<< [apiv2][body] POST https://upload-firebasehosting.googleapis.com/upload/sites/shorten-your-links/versions/60f8c2c556485d30/files/813c8e02c1a61c4c6e7d31849cafd8899a5dcf9b6168aad0500357ad548dc97f [stream]
[debug] [2021-08-28T18:29:22.471Z] [hosting][upload queue][FINAL] {"max":6546,"min":1738,"avg":3194.9565217391305,"active":0,"complete":23,"success":23,"errored":0,"retried":0,"total":23,"elapsed":6548}
[info] +  hosting[shorten-your-links]: file upload complete 
[debug] [2021-08-28T18:29:22.472Z] [hosting] deploy completed after 8252ms
[debug] [2021-08-28T18:29:22.476Z] [
  {
    "config": {
      "public": "build",
      "ignore": [
        "firebase.json",
        "**/.*",
        "**/node_modules/**"
      ],
      "rewrites": [
        {
          "source": "**",
          "destination": "/index.html"
        }
      ],
      "site": "shorten-your-links"
    },
    "site": "shorten-your-links",
    "version": "sites/shorten-your-links/versions/60f8c2c556485d30"
  }
]
[info] i  hosting[shorten-your-links]: finalizing version... 
[debug] [2021-08-28T18:29:22.477Z] > refreshing access token with scopes: ["email","https://www.googleapis.com/auth/cloud-platform","https://www.googleapis.com/auth/cloudplatformprojects.readonly","https://www.googleapis.com/auth/firebase","openid"]
[debug] [2021-08-28T18:29:22.478Z] >>> HTTP REQUEST POST https://www.googleapis.com/oauth2/v3/token  
 <request body omitted>
[debug] [2021-08-28T18:29:22.760Z] <<< HTTP RESPONSE 200 {"pragma":"no-cache","cache-control":"no-cache, no-store, max-age=0, must-revalidate","expires":"Mon, 01 Jan 1990 00:00:00 GMT","date":"Sat, 28 Aug 2021 20:29:23 GMT","content-type":"application/json; charset=utf-8","vary":"X-Origin, Referer, Origin,Accept-Encoding","server":"scaffolding on HTTPServer2","x-xss-protection":"0","x-frame-options":"SAMEORIGIN","x-content-type-options":"nosniff","alt-svc":"h3=\":443\"; ma=2592000,h3-29=\":443\"; ma=2592000,h3-T051=\":443\"; ma=2592000,h3-Q050=\":443\"; ma=2592000,h3-Q046=\":443\"; ma=2592000,h3-Q043=\":443\"; ma=2592000,quic=\":443\"; ma=2592000; v=\"46,43\"","accept-ranges":"none","transfer-encoding":"chunked"}
[debug] [2021-08-28T18:29:22.823Z] >>> HTTP REQUEST PATCH https://firebasehosting.googleapis.com/v1beta1/sites/shorten-your-links/versions/60f8c2c556485d30?updateMask=status  
 {"status":"FINALIZED"}
[debug] [2021-08-28T18:29:24.082Z] <<< HTTP RESPONSE 200 {"content-type":"application/json; charset=UTF-8","vary":"X-Origin, Referer, Origin,Accept-Encoding","date":"Sat, 28 Aug 2021 20:29:24 GMT","server":"ESF","cache-control":"private","x-xss-protection":"0","x-frame-options":"SAMEORIGIN","x-content-type-options":"nosniff","alt-svc":"h3=\":443\"; ma=2592000,h3-29=\":443\"; ma=2592000,h3-T051=\":443\"; ma=2592000,h3-Q050=\":443\"; ma=2592000,h3-Q046=\":443\"; ma=2592000,h3-Q043=\":443\"; ma=2592000,quic=\":443\"; ma=2592000; v=\"46,43\"","accept-ranges":"none","transfer-encoding":"chunked"}
[debug] [2021-08-28T18:29:24.083Z] [hosting] finalized version for shorten-your-links: {"name":"sites/shorten-your-links/versions/60f8c2c556485d30","status":"FINALIZED","config":{"rewrites":[{"glob":"**","path":"/index.html"}]},"labels":{"deployment-tool":"cli-firebase"},"createTime":"2021-08-28T20:29:13.857733Z","createUser":{"email":"midorady9999@gmail.com"},"finalizeTime":"2021-08-28T20:29:24.421079Z","finalizeUser":{"email":"midorady9999@gmail.com"}}
[info] +  hosting[shorten-your-links]: version finalized 
[info] i  hosting[shorten-your-links]: releasing new version... 
[debug] [2021-08-28T18:29:24.090Z] >>> HTTP REQUEST POST https://firebasehosting.googleapis.com/v1beta1/sites/shorten-your-links/releases?version_name=sites/shorten-your-links/versions/60f8c2c556485d30  
 {"message":null}
[debug] [2021-08-28T18:29:25.249Z] <<< HTTP RESPONSE 200 {"content-type":"application/json; charset=UTF-8","vary":"X-Origin, Referer, Origin,Accept-Encoding","date":"Sat, 28 Aug 2021 20:29:25 GMT","server":"ESF","cache-control":"private","x-xss-protection":"0","x-frame-options":"SAMEORIGIN","x-content-type-options":"nosniff","alt-svc":"h3=\":443\"; ma=2592000,h3-29=\":443\"; ma=2592000,h3-T051=\":443\"; ma=2592000,h3-Q050=\":443\"; ma=2592000,h3-Q046=\":443\"; ma=2592000,h3-Q043=\":443\"; ma=2592000,quic=\":443\"; ma=2592000; v=\"46,43\"","accept-ranges":"none","transfer-encoding":"chunked"}
[debug] [2021-08-28T18:29:25.250Z] [hosting] release: {"name":"sites/shorten-your-links/releases/1630182564947269","version":{"name":"sites/shorten-your-links/versions/60f8c2c556485d30","status":"FINALIZED","config":{"rewrites":[{"glob":"**","path":"/index.html"}]},"labels":{"deployment-tool":"cli-firebase"},"createTime":"2021-08-28T20:29:13.857733Z","createUser":{"email":"midorady9999@gmail.com"},"finalizeTime":"2021-08-28T20:29:24.421079Z","finalizeUser":{"email":"midorady9999@gmail.com"}},"type":"DEPLOY","releaseTime":"2021-08-28T20:29:24.947269511Z","releaseUser":{"email":"midorady9999@gmail.com"}}
[info] +  hosting[shorten-your-links]: release complete 
[info] 
[info] +  Deploy complete! 
[info] 
[info] Project Console: https://console.firebase.google.com/project/shorten-your-links/overview
[info] Hosting URL: https://shorten-your-links.web.app
